2025-07-28 01:16:16,047 - __main__ - INFO - Mode: development
2025-07-28 01:16:16,049 - __main__ - INFO - Voice Provider: google
2025-07-28 02:26:45,293 - __main__ - INFO - Mode: development
2025-07-28 02:26:45,294 - __main__ - INFO - Voice Provider: google
2025-07-28 02:28:28,105 - src.services.speech.text_to_speech - INFO - 🔊 Text-to-Speech service initialized
2025-07-28 02:28:28,105 - src.core.robot_controller - INFO - 🤖 Robot Controller initialized (Step 1: Speaking only)
2025-07-28 02:28:28,106 - __main__ - INFO - 🤖 STEP 1: Robot Greeting Test Starting...
2025-07-28 02:28:28,106 - __main__ - INFO - Mode: development
2025-07-28 02:28:28,107 - __main__ - INFO - Voice Provider: google
2025-07-28 02:28:28,108 - src.core.robot_controller - INFO - 🚀 Robot starting Step 1...
2025-07-28 02:28:28,109 - src.core.robot_controller - INFO - 🤖 Speaking: Hello! I am your robot assistant. Step 1 is working perfectly - I can speak!
2025-07-28 02:28:28,109 - src.services.speech.text_to_speech - INFO - 🔊 Speaking: Hello! I am your robot assistant. Step 1 is working perfectly - I can speak!
2025-07-28 02:28:35,856 - src.core.robot_controller - INFO - ✅ Step 1 complete! Robot spoke greeting successfully.
2025-07-28 02:30:50,108 - src.services.speech.text_to_speech - INFO - 🔊 Text-to-Speech service initialized
2025-07-28 02:30:50,109 - src.core.robot_controller - INFO - 🤖 Robot Controller initialized (Step 1: Speaking only)
2025-07-28 02:30:50,109 - __main__ - INFO - 🤖 STEP 1: Robot Greeting Test Starting...
2025-07-28 02:30:50,109 - __main__ - INFO - Mode: development
2025-07-28 02:30:50,109 - __main__ - INFO - Voice Provider: google
2025-07-28 02:30:50,111 - src.core.robot_controller - INFO - 🚀 Robot starting Step 1...
2025-07-28 02:30:50,111 - src.core.robot_controller - INFO - 🤖 Speaking: Hello! I am your robot assistant. Step 1 is working perfectly - I can speak!
2025-07-28 02:30:50,112 - src.services.speech.text_to_speech - INFO - 🔊 Speaking: Hello! I am your robot assistant. Step 1 is working perfectly - I can speak!
2025-07-28 02:30:58,820 - src.core.robot_controller - INFO - ✅ Step 1 complete! Robot spoke greeting successfully.
2025-07-30 02:26:23,398 - src.services.speech.text_to_speech - INFO - 🔊 Text-to-Speech service initialized
2025-07-30 02:26:25,337 - src.services.speech.speech_recognizer - INFO - Calibrating microphone...
2025-07-30 02:26:26,341 - src.services.speech.speech_recognizer - INFO - Microphone calibrated
2025-07-30 02:26:26,428 - src.services.speech.speech_recognizer - INFO - Speech Recognition initialized
2025-07-30 02:26:26,428 - src.core.robot_controller - INFO - Robot Controller initialized (Step 2: Speaking + Recording)
2025-07-30 02:26:26,429 - __main__ - INFO - 🤖 STEP 1: Robot Greeting Test Starting...
2025-07-30 02:26:26,429 - __main__ - INFO - Mode: development
2025-07-30 02:26:26,430 - __main__ - INFO - Voice Provider: google
2025-07-30 02:26:26,436 - src.core.robot_controller - INFO - Robot starting Step 2...
2025-07-30 02:26:26,436 - src.core.robot_controller - INFO - Speaking: Hello! I am your robot. Step 2 is ready - I can speak AND listen! Try saying something!
2025-07-30 02:26:26,437 - src.services.speech.text_to_speech - INFO - 🔊 Speaking: Hello! I am your robot. Step 2 is ready - I can speak AND listen! Try saying something!
2025-07-30 02:26:35,803 - src.services.speech.speech_recognizer - INFO - Ready to listen...
2025-07-30 02:26:50,027 - src.services.speech.speech_recognizer - INFO - Ready to listen...
2025-07-30 02:27:04,679 - src.services.speech.speech_recognizer - INFO - Ready to listen...
2025-07-30 02:27:16,164 - src.services.speech.speech_recognizer - INFO - Ready to listen...
2025-07-30 02:27:24,647 - src.services.speech.speech_recognizer - INFO - Ready to listen...
2025-07-30 02:27:27,381 - src.services.speech.speech_recognizer - INFO - Ready to listen...
2025-07-30 02:27:30,774 - src.services.speech.speech_recognizer - INFO - Ready to listen...
2025-07-30 02:27:34,848 - src.services.speech.speech_recognizer - INFO - Ready to listen...
2025-07-30 02:27:50,623 - src.services.speech.speech_recognizer - INFO - Ready to listen...
2025-07-30 02:27:59,212 - src.services.speech.speech_recognizer - INFO - Ready to listen...
2025-07-30 02:28:16,440 - src.services.speech.speech_recognizer - INFO - Ready to listen...
2025-07-30 02:28:32,165 - src.services.speech.speech_recognizer - INFO - Ready to listen...
2025-07-30 02:28:38,325 - __main__ - INFO - Robot stopped by user
